<?xml version="1.0" encoding="UTF-8"?>
<testng-results skipped="0" failed="1" ignored="0" total="3" passed="2">
  <reporter-output>
  </reporter-output>
  <suite name="Default suite" duration-ms="50931" started-at="2020-04-01T19:36:37 IST" finished-at="2020-04-01T19:37:28 IST">
    <groups>
    </groups>
    <test name="Default test" duration-ms="50931" started-at="2020-04-01T19:36:37 IST" finished-at="2020-04-01T19:37:28 IST">
      <class name="allTestCase.LoginandDashboardValidation">
        <test-method status="PASS" signature="setupBrowser()[pri:0, instance:allTestCase.LoginandDashboardValidation@1e9e725a]" name="setupBrowser" is-config="true" duration-ms="6577" started-at="2020-04-01T19:36:31 IST" finished-at="2020-04-01T19:36:37 IST">
          <reporter-output>
          </reporter-output>
        </test-method> <!-- setupBrowser -->
        <test-method status="PASS" signature="getURL()[pri:0, instance:allTestCase.LoginandDashboardValidation@1e9e725a]" name="getURL" is-config="true" duration-ms="13314" started-at="2020-04-01T19:36:37 IST" finished-at="2020-04-01T19:36:51 IST">
          <reporter-output>
          </reporter-output>
        </test-method> <!-- getURL -->
        <test-method status="FAIL" signature="hoverOnCompannies()[pri:0, instance:allTestCase.LoginandDashboardValidation@1e9e725a]" name="hoverOnCompannies" duration-ms="20216" started-at="2020-04-01T19:36:51 IST" finished-at="2020-04-01T19:37:11 IST">
          <exception class="org.openqa.selenium.TimeoutException">
            <message>
              <![CDATA[Expected condition failed: waiting for visibility of element located by By.xpath: //td[@class="headertable" and @valign='top'and @width='100%'] (tried for 10 second(s) with 500 milliseconds interval)]]>
            </message>
            <full-stacktrace>
              <![CDATA[org.openqa.selenium.TimeoutException: Expected condition failed: waiting for visibility of element located by By.xpath: //td[@class="headertable" and @valign='top'and @width='100%'] (tried for 10 second(s) with 500 milliseconds interval)
at org.openqa.selenium.support.ui.WebDriverWait.timeoutException(WebDriverWait.java:138)
at org.openqa.selenium.support.ui.FluentWait.lambda$checkConditionInLoop$2(FluentWait.java:255)
at java.util.concurrent.CompletableFuture$AsyncSupply.run(Unknown Source)
at java.util.concurrent.CompletableFuture$AsyncSupply.exec(Unknown Source)
at java.util.concurrent.ForkJoinTask.doExec(Unknown Source)
at java.util.concurrent.ForkJoinPool$WorkQueue.runTask(Unknown Source)
at java.util.concurrent.ForkJoinPool.runWorker(Unknown Source)
at java.util.concurrent.ForkJoinWorkerThread.run(Unknown Source)
Caused by: org.openqa.selenium.NoSuchElementException: no such element: Unable to locate element: {"method":"xpath","selector":"//td[@class="headertable" and @valign='top'and @width='100%']"}
  (Session info: chrome=80.0.3987.149)
For documentation on this error, please visit: https://selenium.dev/exceptions/#no_such_element
Build info: version: '4.0.0-alpha-5', revision: 'b3a0d621cc'
System info: host: 'DESKTOP-PJ3QETV', ip: '192.168.0.102', os.name: 'Windows 10', os.arch: 'amd64', os.version: '10.0', java.version: '1.8.0_241'
Driver info: org.openqa.selenium.chrome.ChromeDriver
Capabilities {acceptInsecureCerts: false, browserName: chrome, browserVersion: 80.0.3987.149, chrome: {chromedriverVersion: 80.0.3987.106 (f68069574609..., userDataDir: C:\Users\Abc\AppData\Local\...}, goog:chromeOptions: {debuggerAddress: localhost:56937}, javascriptEnabled: true, networkConnectionEnabled: false, pageLoadStrategy: normal, platform: WINDOWS, platformName: WINDOWS, proxy: Proxy(), setWindowRect: true, strictFileInteractability: false, timeouts: {implicit: 0, pageLoad: 300000, script: 30000}, unhandledPromptBehavior: dismiss and notify}
Session ID: 10c9ad0b949f56fd29879dbdd354576d
*** Element info: {Using=xpath, value=//td[@class="headertable" and @valign='top'and @width='100%']}
at sun.reflect.NativeConstructorAccessorImpl.newInstance0(Native Method)
at sun.reflect.NativeConstructorAccessorImpl.newInstance(Unknown Source)
at sun.reflect.DelegatingConstructorAccessorImpl.newInstance(Unknown Source)
at java.lang.reflect.Constructor.newInstance(Unknown Source)
at org.openqa.selenium.remote.codec.w3c.W3CHttpResponseCodec.createException(W3CHttpResponseCodec.java:196)
at org.openqa.selenium.remote.codec.w3c.W3CHttpResponseCodec.decode(W3CHttpResponseCodec.java:129)
at org.openqa.selenium.remote.codec.w3c.W3CHttpResponseCodec.decode(W3CHttpResponseCodec.java:53)
at org.openqa.selenium.remote.HttpCommandExecutor.execute(HttpCommandExecutor.java:161)
at org.openqa.selenium.remote.service.DriverCommandExecutor.execute(DriverCommandExecutor.java:83)
at org.openqa.selenium.remote.RemoteWebDriver.execute(RemoteWebDriver.java:582)
at org.openqa.selenium.remote.RemoteWebDriver.findElement(RemoteWebDriver.java:333)
at org.openqa.selenium.remote.RemoteWebDriver.findElementByXPath(RemoteWebDriver.java:451)
at org.openqa.selenium.By$ByXPath.findElement(By.java:394)
at org.openqa.selenium.remote.RemoteWebDriver.findElement(RemoteWebDriver.java:325)
at org.openqa.selenium.support.ui.ExpectedConditions$7.apply(ExpectedConditions.java:205)
at org.openqa.selenium.support.ui.ExpectedConditions$7.apply(ExpectedConditions.java:201)
at org.openqa.selenium.support.ui.FluentWait.lambda$checkConditionInLoop$2(FluentWait.java:233)
... 6 more
]]>
            </full-stacktrace>
          </exception> <!-- org.openqa.selenium.TimeoutException -->
          <reporter-output>
          </reporter-output>
        </test-method> <!-- hoverOnCompannies -->
        <test-method status="PASS" signature="login(java.lang.String, java.lang.String)[pri:0, instance:allTestCase.LoginandDashboardValidation@1e9e725a]" name="login" duration-ms="16380" started-at="2020-04-01T19:37:11 IST" finished-at="2020-04-01T19:37:27 IST">
          <params>
            <param index="0">
              <value>
                <![CDATA[achakraborty83]]>
              </value>
            </param>
            <param index="1">
              <value>
                <![CDATA[Krishna@835@]]>
              </value>
            </param>
          </params>
          <reporter-output>
          </reporter-output>
        </test-method> <!-- login -->
        <test-method status="PASS" signature="validateElementAfterLogin()[pri:0, instance:allTestCase.LoginandDashboardValidation@1e9e725a]" name="validateElementAfterLogin" duration-ms="122" started-at="2020-04-01T19:37:27 IST" finished-at="2020-04-01T19:37:27 IST">
          <reporter-output>
          </reporter-output>
        </test-method> <!-- validateElementAfterLogin -->
        <test-method status="PASS" signature="quitBrowser()[pri:0, instance:allTestCase.LoginandDashboardValidation@1e9e725a]" name="quitBrowser" is-config="true" duration-ms="817" started-at="2020-04-01T19:37:27 IST" finished-at="2020-04-01T19:37:28 IST">
          <reporter-output>
          </reporter-output>
        </test-method> <!-- quitBrowser -->
      </class> <!-- allTestCase.LoginandDashboardValidation -->
    </test> <!-- Default test -->
  </suite> <!-- Default suite -->
</testng-results>
